2025-05-03 22:43:53,418 [INFO] Activator:170 - 


2025-05-03 22:43:53,420 [INFO] Activator:171 - !SESSION log4j initialized
2025-05-03 22:48:35,566 [INFO] LogOutputStream:76 - [STDOUT_REDIRECT] 1 : Invalid condition id : UX_CORESTACK_Condition cause : null
2025-05-03 22:48:35,570 [INFO] LogOutputStream:76 - [STDOUT_REDIRECT] 1 : Invalid condition id : UX_CORESTACK_Condition cause : null
2025-05-03 22:48:35,572 [INFO] LogOutputStream:76 - [STDOUT_REDIRECT] 1 : Invalid condition id : UX_CORESTACK_Condition cause : null
2025-05-03 22:48:35,575 [INFO] LogOutputStream:76 - [STDOUT_REDIRECT] 1 : Invalid condition id : UX_CORESTACK_Condition cause : null
2025-05-03 22:48:35,578 [INFO] LogOutputStream:76 - [STDOUT_REDIRECT] 1 : Invalid condition id : UX_CORESTACK_Condition cause : null
2025-05-03 22:48:40,378 [INFO] LogOutputStream:76 - [STDOUT_REDIRECT] toolchainItems.length=====1
2025-05-03 22:56:11,324 [INFO] LogOutputStream:76 - [STDOUT_REDIRECT] Command line
2025-05-03 22:59:35,312 [INFO] LogOutputStream:76 - [STDOUT_REDIRECT] Command line
2025-05-04 14:16:01,896 [INFO] Activator:170 - 


2025-05-04 14:16:01,900 [INFO] Activator:171 - !SESSION log4j initialized
2025-05-04 22:25:46,113 [INFO] Activator:170 - 


2025-05-04 22:25:46,116 [INFO] Activator:171 - !SESSION log4j initialized
2025-05-05 10:07:58,070 [INFO] Activator:170 - 


2025-05-05 10:07:58,074 [INFO] Activator:171 - !SESSION log4j initialized
2025-05-05 11:30:11,072 [INFO] LogOutputStream:76 - [STDOUT_REDIRECT] 1 : Invalid condition id : UX_CORESTACK_Condition cause : null
2025-05-05 11:30:11,075 [INFO] LogOutputStream:76 - [STDOUT_REDIRECT] 1 : Invalid condition id : UX_CORESTACK_Condition cause : null
2025-05-05 11:30:11,077 [INFO] LogOutputStream:76 - [STDOUT_REDIRECT] 1 : Invalid condition id : UX_CORESTACK_Condition cause : null
2025-05-05 11:30:11,079 [INFO] LogOutputStream:76 - [STDOUT_REDIRECT] 1 : Invalid condition id : UX_CORESTACK_Condition cause : null
2025-05-05 11:30:11,081 [INFO] LogOutputStream:76 - [STDOUT_REDIRECT] 1 : Invalid condition id : UX_CORESTACK_Condition cause : null
2025-05-05 11:30:19,821 [INFO] LogOutputStream:76 - [STDOUT_REDIRECT] toolchainItems.length=====1
2025-05-07 21:50:17,523 [INFO] Activator:170 - 


2025-05-07 21:50:17,532 [INFO] Activator:171 - !SESSION log4j initialized
